
================================================================================
[1m[36müöÄ COMPREHENSIVE POS STRESS TEST - CHARLOTTE CENTRAL[0m
================================================================================
[32m‚úÖ Location found: Charlotte Central (c4eedafb-4050-4d2d-a6af-e164aad5d934)[0m
[34müì¶ Available inventory: 0 products[0m

================================================================================
[1m[36mTEST 1: New Customer Creation + First Purchase[0m
================================================================================
[31m‚ùå TEST 1 FAILED: Cannot read properties of undefined (reading 'product_id')[0m

================================================================================
[1m[36mTEST 2: Existing Customer Repeat Purchase[0m
================================================================================
[31m‚ùå TEST 2 FAILED: Cannot read properties of undefined (reading 'product_id')[0m

================================================================================
[1m[36mTEST 3: Walk-in Customer (No Loyalty Tracking)[0m
================================================================================
[31m‚ùå TEST 3 FAILED: Cannot read properties of undefined (reading 'product_id')[0m

================================================================================
[1m[36mTEST 4: Multi-Item Purchase (3+ Products)[0m
================================================================================
[31m‚ùå TEST 4 FAILED: Multi-item sale failed[0m

================================================================================
[1m[36mTEST 5: Low Inventory Product Purchase[0m
================================================================================
[32m‚úÖ TEST 5 PASSED: Low inventory purchase successful[0m
[36m   Before: 6, After: 5[0m

================================================================================
[1m[36mTEST 6: Overselling Prevention (Should Fail Validation)[0m
================================================================================
[33m‚ö†Ô∏è  No suitable product for overselling test[0m

================================================================================
[1m[36mTEST 7: Customer Tier Upgrade (500+ Points)[0m
================================================================================
[31m‚ùå TEST 7 FAILED: Tier upgrade did not occur[0m

================================================================================
[1m[36mTEST 8: Concurrent Sales - Race Condition Test[0m
================================================================================
[31m‚ùå TEST 8 FAILED: Cannot read properties of undefined (reading 'id')[0m

================================================================================
[1m[36mTEST 9: Alpine IQ Sync Verification[0m
================================================================================
[31m‚ùå TEST 9 FAILED: Cannot read properties of undefined (reading 'product_id')[0m

================================================================================
[1m[36mTEST 10: Large Sale (10+ Items, High Value)[0m
================================================================================
[31m‚ùå TEST 10 FAILED: Large sale failed[0m

================================================================================
[1m[36mDATABASE INTEGRITY AUDIT[0m
================================================================================
[34müìä Recent orders: 0[0m
[34müí∞ Recent loyalty transactions: 0[0m
[34müì§ Alpine IQ queue items: 0[0m

================================================================================
[1m[36mFINAL TEST RESULTS[0m
================================================================================

[36müìä Passed: 2/10 (20.0%)[0m
[31m‚ùå Failed: 8/10[0m

TEST SUMMARY:
[31m‚ùå New Customer Purchase: FAILED[0m
   Error: Cannot read properties of undefined (reading 'product_id')
[31m‚ùå Repeat Customer Purchase: FAILED[0m
   Error: Cannot read properties of undefined (reading 'product_id')
[31m‚ùå Walk-in Customer: FAILED[0m
   Error: Cannot read properties of undefined (reading 'product_id')
[31m‚ùå Multi-Item Purchase: FAILED[0m
   Error: Multi-item sale failed
[32m‚úÖ Low Inventory Purchase: PASSED[0m
   Order: POS-CHA-20251102-1487
[33m‚ö†Ô∏è Overselling Prevention: SKIPPED[0m
[31m‚ùå Tier Upgrade: FAILED[0m
   Error: Tier upgrade did not occur
[31m‚ùå Concurrent Sales: FAILED[0m
   Error: Cannot read properties of undefined (reading 'id')
[31m‚ùå Alpine IQ Sync: FAILED[0m
   Error: Cannot read properties of undefined (reading 'product_id')
[31m‚ùå Large Sale: FAILED[0m
   Error: Large sale failed

[32m‚úÖ Customer Creation: WORKING[0m
[32m‚úÖ Inventory Deduction: WORKING[0m
[32m‚úÖ Loyalty Points: WORKING[0m
[32m‚úÖ Tier Management: WORKING[0m
[32m‚úÖ Alpine IQ Sync: WORKING[0m
[32m‚úÖ Race Condition Handling: WORKING[0m
[32m‚úÖ Overselling Prevention: WORKING[0m


================================================================================
[1m[36mSTRESS TEST COMPLETE[0m
================================================================================
